  main.cpp
X:\Projekty AGH\Projekt Gra\Project1\Project1\main.cpp(24,51): warning C4244: "argument": konwersja z "int" do "float", możliwa utrata danych
X:\Projekty AGH\Projekt Gra\Project1\Project1\main.cpp(24,35): warning C4244: "argument": konwersja z "int" do "float", możliwa utrata danych
X:\Projekty AGH\Projekt Gra\Project1\Project1\main.cpp(58,50): warning C4244: "argument": konwersja z "int" do "float", możliwa utrata danych
X:\Projekty AGH\Projekt Gra\Project1\Project1\main.cpp(58,35): warning C4244: "argument": konwersja z "int" do "float", możliwa utrata danych
X:\Projekty AGH\Projekt Gra\Project1\Project1\main.cpp(336,53): warning C4244: "argument": konwersja z "T" do "float", możliwa utrata danych
          with
          [
              T=unsigned int
          ]
X:\Projekty AGH\Projekt Gra\Project1\Project1\main.cpp(336,34): warning C4244: "argument": konwersja z "T" do "float", możliwa utrata danych
          with
          [
              T=unsigned int
          ]
X:\Projekty AGH\Projekt Gra\Project1\Project1\main.cpp(479,39): warning C4244: "=": konwersja z "double" do "float", możliwa utrata danych
X:\Projekty AGH\Projekt Gra\Project1\Project1\main.cpp(511,61): warning C4244: "=": konwersja z "const int" do "T", możliwa utrata danych
          with
          [
              T=float
          ]
X:\Projekty AGH\Projekt Gra\Project1\Project1\main.cpp(512,62): warning C4244: "=": konwersja z "const int" do "T", możliwa utrata danych
          with
          [
              T=float
          ]
X:\Projekty AGH\Projekt Gra\Project1\Project1\main.cpp(562,40): warning C4244: "argument": konwersja z "float" do "int", możliwa utrata danych
X:\Projekty AGH\Projekt Gra\Project1\Project1\main.cpp(565,40): warning C4244: "argument": konwersja z "float" do "int", możliwa utrata danych
X:\Projekty AGH\Projekt Gra\Project1\Project1\main.cpp(568,40): warning C4244: "argument": konwersja z "float" do "int", możliwa utrata danych
X:\Projekty AGH\Projekt Gra\Project1\Project1\main.cpp(587,54): warning C4244: "argument": konwersja z "int" do "float", możliwa utrata danych
  Project1.vcxproj -> X:\Projekty AGH\Projekt Gra\Project1\x64\Debug\Project1.exe
